2025-05-13 16:42:49,973 - src.main - INFO - HLTV Project Started
2025-05-13 16:42:49,985 - src.database - INFO - Database initialized successfully
2025-05-13 16:42:49,985 - src.main - INFO - Database initialized
2025-05-13 16:42:49,985 - src.main - INFO - Starting matches page parsing...
2025-05-13 16:42:49,986 - WDM - INFO - ====== WebDriver manager ======
2025-05-13 16:42:50,829 - WDM - INFO - Get LATEST chromedriver version for google-chrome
2025-05-13 16:42:50,935 - WDM - INFO - Get LATEST chromedriver version for google-chrome
2025-05-13 16:42:51,097 - WDM - INFO - There is no [win64] chromedriver "136.0.7103.92" for browser google-chrome "136.0.7103" in cache
2025-05-13 16:42:51,098 - WDM - INFO - Get LATEST chromedriver version for google-chrome
2025-05-13 16:42:51,346 - WDM - INFO - WebDriver version 136.0.7103.92 selected
2025-05-13 16:42:51,348 - WDM - INFO - Modern chrome version https://storage.googleapis.com/chrome-for-testing-public/136.0.7103.92/win32/chromedriver-win32.zip
2025-05-13 16:42:51,348 - WDM - INFO - About to download new driver from https://storage.googleapis.com/chrome-for-testing-public/136.0.7103.92/win32/chromedriver-win32.zip
2025-05-13 16:42:51,426 - WDM - INFO - Driver downloading response is 200
2025-05-13 16:42:51,700 - WDM - INFO - Get LATEST chromedriver version for google-chrome
2025-05-13 16:42:52,577 - WDM - INFO - Driver has been saved in cache [C:\Users\99865\.wdm\drivers\chromedriver\win64\136.0.7103.92]
2025-05-13 16:42:54,066 - MatchesParser - INFO - Starting matches page parsing
2025-05-13 16:42:54,356 - MatchesParser - INFO - Matches page saved to: storage/html/matches.html
2025-05-13 16:42:54,356 - src.main - INFO - Matches page saved to: storage/html/matches.html
2025-05-13 16:45:40,302 - src.main - INFO - HLTV Project Started
2025-05-13 16:45:40,304 - src.database - INFO - Database initialized successfully
2025-05-13 16:45:40,304 - src.main - INFO - Database initialized
2025-05-13 16:45:40,305 - src.main - INFO - Starting matches page parsing...
2025-05-13 16:45:40,305 - WDM - INFO - ====== WebDriver manager ======
2025-05-13 16:45:41,147 - WDM - INFO - Get LATEST chromedriver version for google-chrome
2025-05-13 16:45:41,240 - WDM - INFO - Get LATEST chromedriver version for google-chrome
2025-05-13 16:45:41,366 - WDM - INFO - Driver [C:\Users\99865\.wdm\drivers\chromedriver\win64\136.0.7103.92\chromedriver-win32/chromedriver.exe] found in cache
2025-05-13 16:45:42,565 - MatchesParser - INFO - Starting matches page parsing
2025-05-13 16:46:01,218 - MatchesParser - WARNING - Cloudflare protection detected
2025-05-13 16:46:01,218 - MatchesParser - ERROR - Timeout waiting for page load: Message: Page contains Cloudflare protection

2025-05-13 16:46:01,219 - MatchesParser - WARNING - Attempt 1 failed: Message: Page contains Cloudflare protection

2025-05-13 16:46:18,880 - MatchesParser - WARNING - Page size too small: 19159 bytes
2025-05-13 16:46:18,880 - MatchesParser - ERROR - Timeout waiting for page load: Message: Page contains Cloudflare protection

2025-05-13 16:46:18,880 - MatchesParser - WARNING - Attempt 2 failed: Message: Page contains Cloudflare protection

2025-05-13 16:46:43,163 - src.main - INFO - HLTV Project Started
2025-05-13 16:46:43,165 - src.database - INFO - Database initialized successfully
2025-05-13 16:46:43,165 - src.main - INFO - Database initialized
2025-05-13 16:46:43,165 - src.main - INFO - Starting matches page parsing...
2025-05-13 16:46:43,165 - WDM - INFO - ====== WebDriver manager ======
2025-05-13 16:46:43,931 - WDM - INFO - Get LATEST chromedriver version for google-chrome
2025-05-13 16:46:44,086 - WDM - INFO - Get LATEST chromedriver version for google-chrome
2025-05-13 16:46:44,246 - WDM - INFO - Driver [C:\Users\99865\.wdm\drivers\chromedriver\win64\136.0.7103.92\chromedriver-win32/chromedriver.exe] found in cache
2025-05-13 16:46:45,411 - MatchesParser - INFO - Starting matches page parsing
2025-05-13 16:47:03,127 - MatchesParser - WARNING - Cloudflare protection detected
2025-05-13 16:47:03,128 - MatchesParser - ERROR - Timeout waiting for page load: Message: Page contains Cloudflare protection

2025-05-13 16:47:03,128 - MatchesParser - WARNING - Attempt 1 failed: Message: Page contains Cloudflare protection

2025-05-13 16:51:20,712 - src.main - INFO - HLTV Project Started
2025-05-13 16:51:20,713 - src.database - INFO - Database initialized successfully
2025-05-13 16:51:20,713 - src.main - INFO - Database initialized
2025-05-13 16:51:20,713 - src.main - INFO - Starting matches page parsing...
2025-05-13 16:51:20,714 - WDM - INFO - ====== WebDriver manager ======
2025-05-13 16:51:21,478 - WDM - INFO - Get LATEST chromedriver version for google-chrome
2025-05-13 16:51:21,569 - WDM - INFO - Get LATEST chromedriver version for google-chrome
2025-05-13 16:51:21,651 - WDM - INFO - Driver [C:\Users\99865\.wdm\drivers\chromedriver\win64\136.0.7103.92\chromedriver-win32/chromedriver.exe] found in cache
2025-05-13 16:51:22,797 - MatchesParser - INFO - Starting matches page parsing
2025-05-13 16:51:29,615 - MatchesParser - WARNING - Attempt 1 failed: Message: move target out of bounds
  (Session info: chrome=136.0.7103.93)
Stacktrace:
	GetHandleVerifier [0x010AFC53+61635]
	GetHandleVerifier [0x010AFC94+61700]
	(No symbol) [0x00ED044E]
	(No symbol) [0x00F66A61]
	(No symbol) [0x00F3D29C]
	(No symbol) [0x00F5E61B]
	(No symbol) [0x00F3D096]
	(No symbol) [0x00F0C840]
	(No symbol) [0x00F0D6A4]
	GetHandleVerifier [0x01334573+2701795]
	GetHandleVerifier [0x0132FCF6+2683238]
	GetHandleVerifier [0x0134AA3E+2793134]
	GetHandleVerifier [0x010C6915+155013]
	GetHandleVerifier [0x010CCFFD+181357]
	GetHandleVerifier [0x010B74A8+92440]
	GetHandleVerifier [0x010B7650+92864]
	GetHandleVerifier [0x010A2040+5296]
	BaseThreadInitThunk [0x767C5D49+25]
	RtlInitializeExceptionChain [0x77C0CFFB+107]
	RtlGetAppContainerNamedObjectPath [0x77C0CF81+561]

2025-05-13 16:51:34,911 - MatchesParser - WARNING - Attempt 2 failed: Message: move target out of bounds
  (Session info: chrome=136.0.7103.93)
Stacktrace:
	GetHandleVerifier [0x010AFC53+61635]
	GetHandleVerifier [0x010AFC94+61700]
	(No symbol) [0x00ED044E]
	(No symbol) [0x00F66A61]
	(No symbol) [0x00F3D29C]
	(No symbol) [0x00F5E61B]
	(No symbol) [0x00F3D096]
	(No symbol) [0x00F0C840]
	(No symbol) [0x00F0D6A4]
	GetHandleVerifier [0x01334573+2701795]
	GetHandleVerifier [0x0132FCF6+2683238]
	GetHandleVerifier [0x0134AA3E+2793134]
	GetHandleVerifier [0x010C6915+155013]
	GetHandleVerifier [0x010CCFFD+181357]
	GetHandleVerifier [0x010B74A8+92440]
	GetHandleVerifier [0x010B7650+92864]
	GetHandleVerifier [0x010A2040+5296]
	BaseThreadInitThunk [0x767C5D49+25]
	RtlInitializeExceptionChain [0x77C0CFFB+107]
	RtlGetAppContainerNamedObjectPath [0x77C0CF81+561]

2025-05-13 16:51:41,798 - src.main - ERROR - Error in main process: Message: move target out of bounds
  (Session info: chrome=136.0.7103.93)
Stacktrace:
	GetHandleVerifier [0x010AFC53+61635]
	GetHandleVerifier [0x010AFC94+61700]
	(No symbol) [0x00ED044E]
	(No symbol) [0x00F66A61]
	(No symbol) [0x00F3D29C]
	(No symbol) [0x00F5E61B]
	(No symbol) [0x00F3D096]
	(No symbol) [0x00F0C840]
	(No symbol) [0x00F0D6A4]
	GetHandleVerifier [0x01334573+2701795]
	GetHandleVerifier [0x0132FCF6+2683238]
	GetHandleVerifier [0x0134AA3E+2793134]
	GetHandleVerifier [0x010C6915+155013]
	GetHandleVerifier [0x010CCFFD+181357]
	GetHandleVerifier [0x010B74A8+92440]
	GetHandleVerifier [0x010B7650+92864]
	GetHandleVerifier [0x010A2040+5296]
	BaseThreadInitThunk [0x767C5D49+25]
	RtlInitializeExceptionChain [0x77C0CFFB+107]
	RtlGetAppContainerNamedObjectPath [0x77C0CF81+561]

2025-05-13 16:56:46,779 - src.main - INFO - HLTV Project Started
2025-05-13 16:56:46,779 - src.database - INFO - Database initialized successfully
2025-05-13 16:56:46,779 - src.main - INFO - Database initialized
2025-05-13 16:56:46,780 - src.main - INFO - Starting matches page parsing...
2025-05-13 16:56:46,780 - WDM - INFO - ====== WebDriver manager ======
2025-05-13 16:56:47,527 - WDM - INFO - Get LATEST chromedriver version for google-chrome
2025-05-13 16:56:47,635 - WDM - INFO - Get LATEST chromedriver version for google-chrome
2025-05-13 16:56:47,759 - WDM - INFO - Driver [C:\Users\99865\.wdm\drivers\chromedriver\win64\136.0.7103.92\chromedriver-win32/chromedriver.exe] found in cache
2025-05-13 16:56:48,942 - MatchesParser - INFO - Chrome driver initialized successfully
2025-05-13 16:56:48,942 - MatchesParser - INFO - Starting matches page parsing
2025-05-13 16:57:12,410 - MatchesParser - WARNING - Cloudflare protection detected
2025-05-13 16:57:12,410 - MatchesParser - WARNING - Page load timeout
2025-05-13 16:57:12,410 - MatchesParser - WARNING - Attempt 1 failed: Message: Page contains Cloudflare protection

2025-05-13 16:57:36,525 - MatchesParser - WARNING - Page size too small: 18581 bytes
2025-05-13 16:57:36,526 - MatchesParser - WARNING - Page load timeout
2025-05-13 16:57:36,529 - MatchesParser - WARNING - Attempt 2 failed: Message: Page contains Cloudflare protection

2025-05-13 17:03:19,070 - src.main - INFO - HLTV Project Started
2025-05-13 17:03:19,071 - src.database - INFO - Database initialized successfully
2025-05-13 17:03:19,071 - src.main - INFO - Database initialized
2025-05-13 17:03:19,071 - src.main - INFO - Starting matches page parsing...
2025-05-13 17:03:19,071 - WDM - INFO - ====== WebDriver manager ======
2025-05-13 17:03:19,821 - WDM - INFO - Get LATEST chromedriver version for google-chrome
2025-05-13 17:03:19,910 - WDM - INFO - Get LATEST chromedriver version for google-chrome
2025-05-13 17:03:19,989 - WDM - INFO - Driver [C:\Users\99865\.wdm\drivers\chromedriver\win64\136.0.7103.92\chromedriver-win32/chromedriver.exe] found in cache
2025-05-13 17:03:21,141 - MatchesParser - INFO - Chrome driver initialized successfully
2025-05-13 17:03:23,229 - src.main - ERROR - Error in main process: 'MatchesParser' object does not support the context manager protocol
2025-05-13 17:03:35,048 - src.main - INFO - HLTV Project Started
2025-05-13 17:03:35,050 - src.database - INFO - Database initialized successfully
2025-05-13 17:03:35,050 - src.main - INFO - Database initialized
2025-05-13 17:03:35,050 - src.main - INFO - Starting matches page parsing...
2025-05-13 17:03:35,051 - WDM - INFO - ====== WebDriver manager ======
2025-05-13 17:03:35,726 - WDM - INFO - Get LATEST chromedriver version for google-chrome
2025-05-13 17:03:35,878 - WDM - INFO - Get LATEST chromedriver version for google-chrome
2025-05-13 17:03:35,953 - WDM - INFO - Driver [C:\Users\99865\.wdm\drivers\chromedriver\win64\136.0.7103.92\chromedriver-win32/chromedriver.exe] found in cache
2025-05-13 17:03:37,026 - MatchesParser - INFO - Chrome driver initialized successfully
2025-05-13 17:03:37,026 - MatchesParser - INFO - Starting matches page parsing
2025-05-13 17:03:44,757 - MatchesParser - WARNING - Cloudflare protection detected
2025-05-13 17:04:03,881 - MatchesParser - ERROR - Page load timeout: Message: Cloudflare protection still present after waiting

2025-05-13 17:04:03,882 - MatchesParser - WARNING - Attempt 1 failed: Message: Cloudflare protection still present after waiting

2025-05-13 17:04:12,596 - MatchesParser - WARNING - Cloudflare protection detected
2025-05-13 17:04:33,875 - MatchesParser - ERROR - Page load timeout: Message: Cloudflare protection still present after waiting

2025-05-13 17:04:33,877 - MatchesParser - WARNING - Attempt 2 failed: Message: Cloudflare protection still present after waiting

2025-05-13 17:04:43,221 - MatchesParser - WARNING - Page scroll failed: Message: invalid session id: session deleted as the browser has closed the connection
from disconnected: not connected to DevTools
  (Session info: chrome=136.0.7103.93)
Stacktrace:
	GetHandleVerifier [0x010AFC53+61635]
	GetHandleVerifier [0x010AFC94+61700]
	(No symbol) [0x00ED05D3]
	(No symbol) [0x00EBFE20]
	(No symbol) [0x00EDDD1F]
	(No symbol) [0x00F43E8C]
	(No symbol) [0x00F5DF19]
	(No symbol) [0x00F3D096]
	(No symbol) [0x00F0C840]
	(No symbol) [0x00F0D6A4]
	GetHandleVerifier [0x01334573+2701795]
	GetHandleVerifier [0x0132FCF6+2683238]
	GetHandleVerifier [0x0134AA3E+2793134]
	GetHandleVerifier [0x010C6915+155013]
	GetHandleVerifier [0x010CCFFD+181357]
	GetHandleVerifier [0x010B74A8+92440]
	GetHandleVerifier [0x010B7650+92864]
	GetHandleVerifier [0x010A2040+5296]
	BaseThreadInitThunk [0x767C5D49+25]
	RtlInitializeExceptionChain [0x77C0CFFB+107]
	RtlGetAppContainerNamedObjectPath [0x77C0CF81+561]

2025-05-13 17:04:43,266 - MatchesParser - ERROR - Unexpected error during page load: Message: invalid session id
Stacktrace:
	GetHandleVerifier [0x010AFC53+61635]
	GetHandleVerifier [0x010AFC94+61700]
	(No symbol) [0x00ED044E]
	(No symbol) [0x00F0BB08]
	(No symbol) [0x00F3D156]
	(No symbol) [0x00F38C22]
	(No symbol) [0x00F381B6]
	(No symbol) [0x00EA36C5]
	(No symbol) [0x00EA3C1E]
	(No symbol) [0x00EA40AD]
	GetHandleVerifier [0x01334573+2701795]
	GetHandleVerifier [0x0132FCF6+2683238]
	GetHandleVerifier [0x0134AA3E+2793134]
	GetHandleVerifier [0x010C6915+155013]
	GetHandleVerifier [0x010CCFFD+181357]
	(No symbol) [0x00EA3390]
	(No symbol) [0x00EA2B9D]
	GetHandleVerifier [0x014287CC+3701820]
	BaseThreadInitThunk [0x767C5D49+25]
	RtlInitializeExceptionChain [0x77C0CFFB+107]
	RtlGetAppContainerNamedObjectPath [0x77C0CF81+561]

2025-05-13 17:04:43,266 - MatchesParser - WARNING - Attempt 3 failed: Message: invalid session id
Stacktrace:
	GetHandleVerifier [0x010AFC53+61635]
	GetHandleVerifier [0x010AFC94+61700]
	(No symbol) [0x00ED044E]
	(No symbol) [0x00F0BB08]
	(No symbol) [0x00F3D156]
	(No symbol) [0x00F38C22]
	(No symbol) [0x00F381B6]
	(No symbol) [0x00EA36C5]
	(No symbol) [0x00EA3C1E]
	(No symbol) [0x00EA40AD]
	GetHandleVerifier [0x01334573+2701795]
	GetHandleVerifier [0x0132FCF6+2683238]
	GetHandleVerifier [0x0134AA3E+2793134]
	GetHandleVerifier [0x010C6915+155013]
	GetHandleVerifier [0x010CCFFD+181357]
	(No symbol) [0x00EA3390]
	(No symbol) [0x00EA2B9D]
	GetHandleVerifier [0x014287CC+3701820]
	BaseThreadInitThunk [0x767C5D49+25]
	RtlInitializeExceptionChain [0x77C0CFFB+107]
	RtlGetAppContainerNamedObjectPath [0x77C0CF81+561]

2025-05-13 17:11:54,223 - __main__ - INFO - HLTV Project Started
2025-05-13 17:11:54,224 - src.database - INFO - Database initialized successfully
2025-05-13 17:11:54,224 - __main__ - INFO - Database initialized
2025-05-13 17:11:54,225 - __main__ - INFO - Starting matches page parsing...
2025-05-13 17:11:54,225 - WDM - INFO - ====== WebDriver manager ======
2025-05-13 17:11:55,122 - WDM - INFO - Get LATEST chromedriver version for google-chrome
2025-05-13 17:11:55,213 - WDM - INFO - Get LATEST chromedriver version for google-chrome
2025-05-13 17:11:55,351 - WDM - INFO - Driver [C:\Users\99865\.wdm\drivers\chromedriver\win64\136.0.7103.92\chromedriver-win32/chromedriver.exe] found in cache
2025-05-13 17:11:56,538 - MatchesParser - INFO - Chrome driver initialized successfully
2025-05-13 17:11:56,539 - MatchesParser - INFO - Starting matches page parsing
2025-05-13 17:12:13,206 - MatchesParser - ERROR - Failed to interact with sort button: Message: 
Stacktrace:
	GetHandleVerifier [0x010AFC53+61635]
	GetHandleVerifier [0x010AFC94+61700]
	(No symbol) [0x00ED05D3]
	(No symbol) [0x00F1899E]
	(No symbol) [0x00F18D3B]
	(No symbol) [0x00F60E12]
	(No symbol) [0x00F3D2E4]
	(No symbol) [0x00F5E61B]
	(No symbol) [0x00F3D096]
	(No symbol) [0x00F0C840]
	(No symbol) [0x00F0D6A4]
	GetHandleVerifier [0x01334573+2701795]
	GetHandleVerifier [0x0132FCF6+2683238]
	GetHandleVerifier [0x0134AA3E+2793134]
	GetHandleVerifier [0x010C6915+155013]
	GetHandleVerifier [0x010CCFFD+181357]
	GetHandleVerifier [0x010B74A8+92440]
	GetHandleVerifier [0x010B7650+92864]
	GetHandleVerifier [0x010A2040+5296]
	BaseThreadInitThunk [0x767C5D49+25]
	RtlInitializeExceptionChain [0x77C0CFFB+107]
	RtlGetAppContainerNamedObjectPath [0x77C0CF81+561]

2025-05-13 17:12:13,214 - MatchesParser - INFO - Cookies saved successfully
2025-05-13 17:12:19,434 - __main__ - ERROR - Error in main process: Failed to get valid page content
2025-05-13 17:13:30,311 - __main__ - INFO - HLTV Project Started
2025-05-13 17:13:30,312 - src.database - INFO - Database initialized successfully
2025-05-13 17:13:30,312 - __main__ - INFO - Database initialized
2025-05-13 17:13:30,312 - __main__ - INFO - Starting matches page parsing...
2025-05-13 17:13:30,312 - WDM - INFO - ====== WebDriver manager ======
2025-05-13 17:13:31,040 - WDM - INFO - Get LATEST chromedriver version for google-chrome
2025-05-13 17:13:31,124 - WDM - INFO - Get LATEST chromedriver version for google-chrome
2025-05-13 17:13:31,253 - WDM - INFO - Driver [C:\Users\99865\.wdm\drivers\chromedriver\win64\136.0.7103.92\chromedriver-win32/chromedriver.exe] found in cache
2025-05-13 17:13:32,466 - MatchesParser - INFO - Chrome driver initialized successfully
2025-05-13 17:13:32,466 - MatchesParser - INFO - Starting matches page parsing
2025-05-13 17:13:32,471 - MatchesParser - WARNING - Failed to add cookie: Message: invalid cookie domain
  (Session info: chrome=136.0.7103.93)
Stacktrace:
	GetHandleVerifier [0x010AFC53+61635]
	GetHandleVerifier [0x010AFC94+61700]
	(No symbol) [0x00ED044E]
	(No symbol) [0x00F6F100]
	(No symbol) [0x00F3D29C]
	(No symbol) [0x00F5E61B]
	(No symbol) [0x00F3D096]
	(No symbol) [0x00F0C840]
	(No symbol) [0x00F0D6A4]
	GetHandleVerifier [0x01334573+2701795]
	GetHandleVerifier [0x0132FCF6+2683238]
	GetHandleVerifier [0x0134AA3E+2793134]
	GetHandleVerifier [0x010C6915+155013]
	GetHandleVerifier [0x010CCFFD+181357]
	GetHandleVerifier [0x010B74A8+92440]
	GetHandleVerifier [0x010B7650+92864]
	GetHandleVerifier [0x010A2040+5296]
	BaseThreadInitThunk [0x767C5D49+25]
	RtlInitializeExceptionChain [0x77C0CFFB+107]
	RtlGetAppContainerNamedObjectPath [0x77C0CF81+561]

2025-05-13 17:13:32,475 - MatchesParser - WARNING - Failed to add cookie: Message: invalid cookie domain
  (Session info: chrome=136.0.7103.93)
Stacktrace:
	GetHandleVerifier [0x010AFC53+61635]
	GetHandleVerifier [0x010AFC94+61700]
	(No symbol) [0x00ED044E]
	(No symbol) [0x00F6F100]
	(No symbol) [0x00F3D29C]
	(No symbol) [0x00F5E61B]
	(No symbol) [0x00F3D096]
	(No symbol) [0x00F0C840]
	(No symbol) [0x00F0D6A4]
	GetHandleVerifier [0x01334573+2701795]
	GetHandleVerifier [0x0132FCF6+2683238]
	GetHandleVerifier [0x0134AA3E+2793134]
	GetHandleVerifier [0x010C6915+155013]
	GetHandleVerifier [0x010CCFFD+181357]
	GetHandleVerifier [0x010B74A8+92440]
	GetHandleVerifier [0x010B7650+92864]
	GetHandleVerifier [0x010A2040+5296]
	BaseThreadInitThunk [0x767C5D49+25]
	RtlInitializeExceptionChain [0x77C0CFFB+107]
	RtlGetAppContainerNamedObjectPath [0x77C0CF81+561]

2025-05-13 17:13:32,479 - MatchesParser - WARNING - Failed to add cookie: Message: invalid cookie domain
  (Session info: chrome=136.0.7103.93)
Stacktrace:
	GetHandleVerifier [0x010AFC53+61635]
	GetHandleVerifier [0x010AFC94+61700]
	(No symbol) [0x00ED044E]
	(No symbol) [0x00F6F100]
	(No symbol) [0x00F3D29C]
	(No symbol) [0x00F5E61B]
	(No symbol) [0x00F3D096]
	(No symbol) [0x00F0C840]
	(No symbol) [0x00F0D6A4]
	GetHandleVerifier [0x01334573+2701795]
	GetHandleVerifier [0x0132FCF6+2683238]
	GetHandleVerifier [0x0134AA3E+2793134]
	GetHandleVerifier [0x010C6915+155013]
	GetHandleVerifier [0x010CCFFD+181357]
	GetHandleVerifier [0x010B74A8+92440]
	GetHandleVerifier [0x010B7650+92864]
	GetHandleVerifier [0x010A2040+5296]
	BaseThreadInitThunk [0x767C5D49+25]
	RtlInitializeExceptionChain [0x77C0CFFB+107]
	RtlGetAppContainerNamedObjectPath [0x77C0CF81+561]

2025-05-13 17:13:32,483 - MatchesParser - WARNING - Failed to add cookie: Message: invalid cookie domain
  (Session info: chrome=136.0.7103.93)
Stacktrace:
	GetHandleVerifier [0x010AFC53+61635]
	GetHandleVerifier [0x010AFC94+61700]
	(No symbol) [0x00ED044E]
	(No symbol) [0x00F6F100]
	(No symbol) [0x00F3D29C]
	(No symbol) [0x00F5E61B]
	(No symbol) [0x00F3D096]
	(No symbol) [0x00F0C840]
	(No symbol) [0x00F0D6A4]
	GetHandleVerifier [0x01334573+2701795]
	GetHandleVerifier [0x0132FCF6+2683238]
	GetHandleVerifier [0x0134AA3E+2793134]
	GetHandleVerifier [0x010C6915+155013]
	GetHandleVerifier [0x010CCFFD+181357]
	GetHandleVerifier [0x010B74A8+92440]
	GetHandleVerifier [0x010B7650+92864]
	GetHandleVerifier [0x010A2040+5296]
	BaseThreadInitThunk [0x767C5D49+25]
	RtlInitializeExceptionChain [0x77C0CFFB+107]
	RtlGetAppContainerNamedObjectPath [0x77C0CF81+561]

2025-05-13 17:13:32,487 - MatchesParser - WARNING - Failed to add cookie: Message: invalid cookie domain
  (Session info: chrome=136.0.7103.93)
Stacktrace:
	GetHandleVerifier [0x010AFC53+61635]
	GetHandleVerifier [0x010AFC94+61700]
	(No symbol) [0x00ED044E]
	(No symbol) [0x00F6F100]
	(No symbol) [0x00F3D29C]
	(No symbol) [0x00F5E61B]
	(No symbol) [0x00F3D096]
	(No symbol) [0x00F0C840]
	(No symbol) [0x00F0D6A4]
	GetHandleVerifier [0x01334573+2701795]
	GetHandleVerifier [0x0132FCF6+2683238]
	GetHandleVerifier [0x0134AA3E+2793134]
	GetHandleVerifier [0x010C6915+155013]
	GetHandleVerifier [0x010CCFFD+181357]
	GetHandleVerifier [0x010B74A8+92440]
	GetHandleVerifier [0x010B7650+92864]
	GetHandleVerifier [0x010A2040+5296]
	BaseThreadInitThunk [0x767C5D49+25]
	RtlInitializeExceptionChain [0x77C0CFFB+107]
	RtlGetAppContainerNamedObjectPath [0x77C0CF81+561]

2025-05-13 17:13:32,487 - MatchesParser - INFO - Cookies loaded successfully
2025-05-13 17:13:47,529 - MatchesParser - ERROR - Failed to interact with sort button: Message: 
Stacktrace:
	GetHandleVerifier [0x010AFC53+61635]
	GetHandleVerifier [0x010AFC94+61700]
	(No symbol) [0x00ED05D3]
	(No symbol) [0x00F1899E]
	(No symbol) [0x00F18D3B]
	(No symbol) [0x00F60E12]
	(No symbol) [0x00F3D2E4]
	(No symbol) [0x00F5E61B]
	(No symbol) [0x00F3D096]
	(No symbol) [0x00F0C840]
	(No symbol) [0x00F0D6A4]
	GetHandleVerifier [0x01334573+2701795]
	GetHandleVerifier [0x0132FCF6+2683238]
	GetHandleVerifier [0x0134AA3E+2793134]
	GetHandleVerifier [0x010C6915+155013]
	GetHandleVerifier [0x010CCFFD+181357]
	GetHandleVerifier [0x010B74A8+92440]
	GetHandleVerifier [0x010B7650+92864]
	GetHandleVerifier [0x010A2040+5296]
	BaseThreadInitThunk [0x767C5D49+25]
	RtlInitializeExceptionChain [0x77C0CFFB+107]
	RtlGetAppContainerNamedObjectPath [0x77C0CF81+561]

2025-05-13 17:13:47,537 - MatchesParser - INFO - Cookies saved successfully
2025-05-13 17:13:53,732 - __main__ - ERROR - Error in main process: Failed to get valid page content
2025-05-13 17:14:22,170 - __main__ - INFO - HLTV Project Started
2025-05-13 17:14:22,170 - src.database - INFO - Database initialized successfully
2025-05-13 17:14:22,170 - __main__ - INFO - Database initialized
2025-05-13 17:14:22,170 - __main__ - INFO - Starting matches page parsing...
2025-05-13 17:14:22,171 - WDM - INFO - ====== WebDriver manager ======
2025-05-13 17:14:22,872 - WDM - INFO - Get LATEST chromedriver version for google-chrome
2025-05-13 17:14:23,004 - WDM - INFO - Get LATEST chromedriver version for google-chrome
2025-05-13 17:14:23,124 - WDM - INFO - Driver [C:\Users\99865\.wdm\drivers\chromedriver\win64\136.0.7103.92\chromedriver-win32/chromedriver.exe] found in cache
2025-05-13 17:14:24,238 - MatchesParser - INFO - Chrome driver initialized successfully
2025-05-13 17:14:24,238 - MatchesParser - INFO - Starting matches page parsing
2025-05-13 17:14:24,244 - MatchesParser - WARNING - Failed to add cookie: Message: invalid cookie domain
  (Session info: chrome=136.0.7103.93)
Stacktrace:
	GetHandleVerifier [0x010AFC53+61635]
	GetHandleVerifier [0x010AFC94+61700]
	(No symbol) [0x00ED044E]
	(No symbol) [0x00F6F100]
	(No symbol) [0x00F3D29C]
	(No symbol) [0x00F5E61B]
	(No symbol) [0x00F3D096]
	(No symbol) [0x00F0C840]
	(No symbol) [0x00F0D6A4]
	GetHandleVerifier [0x01334573+2701795]
	GetHandleVerifier [0x0132FCF6+2683238]
	GetHandleVerifier [0x0134AA3E+2793134]
	GetHandleVerifier [0x010C6915+155013]
	GetHandleVerifier [0x010CCFFD+181357]
	GetHandleVerifier [0x010B74A8+92440]
	GetHandleVerifier [0x010B7650+92864]
	GetHandleVerifier [0x010A2040+5296]
	BaseThreadInitThunk [0x767C5D49+25]
	RtlInitializeExceptionChain [0x77C0CFFB+107]
	RtlGetAppContainerNamedObjectPath [0x77C0CF81+561]

2025-05-13 17:14:24,248 - MatchesParser - WARNING - Failed to add cookie: Message: invalid cookie domain
  (Session info: chrome=136.0.7103.93)
Stacktrace:
	GetHandleVerifier [0x010AFC53+61635]
	GetHandleVerifier [0x010AFC94+61700]
	(No symbol) [0x00ED044E]
	(No symbol) [0x00F6F100]
	(No symbol) [0x00F3D29C]
	(No symbol) [0x00F5E61B]
	(No symbol) [0x00F3D096]
	(No symbol) [0x00F0C840]
	(No symbol) [0x00F0D6A4]
	GetHandleVerifier [0x01334573+2701795]
	GetHandleVerifier [0x0132FCF6+2683238]
	GetHandleVerifier [0x0134AA3E+2793134]
	GetHandleVerifier [0x010C6915+155013]
	GetHandleVerifier [0x010CCFFD+181357]
	GetHandleVerifier [0x010B74A8+92440]
	GetHandleVerifier [0x010B7650+92864]
	GetHandleVerifier [0x010A2040+5296]
	BaseThreadInitThunk [0x767C5D49+25]
	RtlInitializeExceptionChain [0x77C0CFFB+107]
	RtlGetAppContainerNamedObjectPath [0x77C0CF81+561]

2025-05-13 17:14:24,252 - MatchesParser - WARNING - Failed to add cookie: Message: invalid cookie domain
  (Session info: chrome=136.0.7103.93)
Stacktrace:
	GetHandleVerifier [0x010AFC53+61635]
	GetHandleVerifier [0x010AFC94+61700]
	(No symbol) [0x00ED044E]
	(No symbol) [0x00F6F100]
	(No symbol) [0x00F3D29C]
	(No symbol) [0x00F5E61B]
	(No symbol) [0x00F3D096]
	(No symbol) [0x00F0C840]
	(No symbol) [0x00F0D6A4]
	GetHandleVerifier [0x01334573+2701795]
	GetHandleVerifier [0x0132FCF6+2683238]
	GetHandleVerifier [0x0134AA3E+2793134]
	GetHandleVerifier [0x010C6915+155013]
	GetHandleVerifier [0x010CCFFD+181357]
	GetHandleVerifier [0x010B74A8+92440]
	GetHandleVerifier [0x010B7650+92864]
	GetHandleVerifier [0x010A2040+5296]
	BaseThreadInitThunk [0x767C5D49+25]
	RtlInitializeExceptionChain [0x77C0CFFB+107]
	RtlGetAppContainerNamedObjectPath [0x77C0CF81+561]

2025-05-13 17:14:24,256 - MatchesParser - WARNING - Failed to add cookie: Message: invalid cookie domain
  (Session info: chrome=136.0.7103.93)
Stacktrace:
	GetHandleVerifier [0x010AFC53+61635]
	GetHandleVerifier [0x010AFC94+61700]
	(No symbol) [0x00ED044E]
	(No symbol) [0x00F6F100]
	(No symbol) [0x00F3D29C]
	(No symbol) [0x00F5E61B]
	(No symbol) [0x00F3D096]
	(No symbol) [0x00F0C840]
	(No symbol) [0x00F0D6A4]
	GetHandleVerifier [0x01334573+2701795]
	GetHandleVerifier [0x0132FCF6+2683238]
	GetHandleVerifier [0x0134AA3E+2793134]
	GetHandleVerifier [0x010C6915+155013]
	GetHandleVerifier [0x010CCFFD+181357]
	GetHandleVerifier [0x010B74A8+92440]
	GetHandleVerifier [0x010B7650+92864]
	GetHandleVerifier [0x010A2040+5296]
	BaseThreadInitThunk [0x767C5D49+25]
	RtlInitializeExceptionChain [0x77C0CFFB+107]
	RtlGetAppContainerNamedObjectPath [0x77C0CF81+561]

2025-05-13 17:14:24,260 - MatchesParser - WARNING - Failed to add cookie: Message: invalid cookie domain
  (Session info: chrome=136.0.7103.93)
Stacktrace:
	GetHandleVerifier [0x010AFC53+61635]
	GetHandleVerifier [0x010AFC94+61700]
	(No symbol) [0x00ED044E]
	(No symbol) [0x00F6F100]
	(No symbol) [0x00F3D29C]
	(No symbol) [0x00F5E61B]
	(No symbol) [0x00F3D096]
	(No symbol) [0x00F0C840]
	(No symbol) [0x00F0D6A4]
	GetHandleVerifier [0x01334573+2701795]
	GetHandleVerifier [0x0132FCF6+2683238]
	GetHandleVerifier [0x0134AA3E+2793134]
	GetHandleVerifier [0x010C6915+155013]
	GetHandleVerifier [0x010CCFFD+181357]
	GetHandleVerifier [0x010B74A8+92440]
	GetHandleVerifier [0x010B7650+92864]
	GetHandleVerifier [0x010A2040+5296]
	BaseThreadInitThunk [0x767C5D49+25]
	RtlInitializeExceptionChain [0x77C0CFFB+107]
	RtlGetAppContainerNamedObjectPath [0x77C0CF81+561]

2025-05-13 17:14:24,260 - MatchesParser - INFO - Cookies loaded successfully
2025-05-13 17:14:27,195 - MatchesParser - INFO - Page loaded, waiting for sort button...
2025-05-13 17:14:27,238 - MatchesParser - INFO - Sort button found
2025-05-13 17:14:27,238 - MatchesParser - INFO - Scrolling to sort button...
2025-05-13 17:14:28,600 - MatchesParser - INFO - Scrolled to sort button
2025-05-13 17:14:28,600 - MatchesParser - INFO - Attempting to click sort button...
2025-05-13 17:14:29,631 - MatchesParser - INFO - Click intercepted, trying JavaScript click...
2025-05-13 17:14:29,928 - MatchesParser - INFO - JavaScript click executed
2025-05-13 17:14:29,929 - MatchesParser - INFO - Waiting for matches container...
2025-05-13 17:14:40,447 - MatchesParser - ERROR - Failed to interact with sort button: Message: 
Stacktrace:
	GetHandleVerifier [0x010AFC53+61635]
	GetHandleVerifier [0x010AFC94+61700]
	(No symbol) [0x00ED05D3]
	(No symbol) [0x00F1899E]
	(No symbol) [0x00F18D3B]
	(No symbol) [0x00F60E12]
	(No symbol) [0x00F3D2E4]
	(No symbol) [0x00F5E61B]
	(No symbol) [0x00F3D096]
	(No symbol) [0x00F0C840]
	(No symbol) [0x00F0D6A4]
	GetHandleVerifier [0x01334573+2701795]
	GetHandleVerifier [0x0132FCF6+2683238]
	GetHandleVerifier [0x0134AA3E+2793134]
	GetHandleVerifier [0x010C6915+155013]
	GetHandleVerifier [0x010CCFFD+181357]
	GetHandleVerifier [0x010B74A8+92440]
	GetHandleVerifier [0x010B7650+92864]
	GetHandleVerifier [0x010A2040+5296]
	BaseThreadInitThunk [0x767C5D49+25]
	RtlInitializeExceptionChain [0x77C0CFFB+107]
	RtlGetAppContainerNamedObjectPath [0x77C0CF81+561]

2025-05-13 17:14:40,454 - MatchesParser - INFO - Cookies saved successfully
2025-05-13 17:14:46,661 - __main__ - ERROR - Error in main process: Failed to get valid page content
2025-05-13 17:15:26,721 - __main__ - INFO - HLTV Project Started
2025-05-13 17:15:26,722 - src.database - INFO - Database initialized successfully
2025-05-13 17:15:26,722 - __main__ - INFO - Database initialized
2025-05-13 17:15:26,722 - __main__ - INFO - Starting matches page parsing...
2025-05-13 17:15:26,722 - WDM - INFO - ====== WebDriver manager ======
2025-05-13 17:15:27,384 - WDM - INFO - Get LATEST chromedriver version for google-chrome
2025-05-13 17:15:27,464 - WDM - INFO - Get LATEST chromedriver version for google-chrome
2025-05-13 17:15:27,540 - WDM - INFO - Driver [C:\Users\99865\.wdm\drivers\chromedriver\win64\136.0.7103.92\chromedriver-win32/chromedriver.exe] found in cache
2025-05-13 17:15:28,667 - MatchesParser - INFO - Chrome driver initialized successfully
2025-05-13 17:15:28,667 - MatchesParser - INFO - Starting matches page parsing
2025-05-13 17:15:28,672 - MatchesParser - WARNING - Failed to add cookie: Message: invalid cookie domain
  (Session info: chrome=136.0.7103.93)
Stacktrace:
	GetHandleVerifier [0x010AFC53+61635]
	GetHandleVerifier [0x010AFC94+61700]
	(No symbol) [0x00ED044E]
	(No symbol) [0x00F6F100]
	(No symbol) [0x00F3D29C]
	(No symbol) [0x00F5E61B]
	(No symbol) [0x00F3D096]
	(No symbol) [0x00F0C840]
	(No symbol) [0x00F0D6A4]
	GetHandleVerifier [0x01334573+2701795]
	GetHandleVerifier [0x0132FCF6+2683238]
	GetHandleVerifier [0x0134AA3E+2793134]
	GetHandleVerifier [0x010C6915+155013]
	GetHandleVerifier [0x010CCFFD+181357]
	GetHandleVerifier [0x010B74A8+92440]
	GetHandleVerifier [0x010B7650+92864]
	GetHandleVerifier [0x010A2040+5296]
	BaseThreadInitThunk [0x767C5D49+25]
	RtlInitializeExceptionChain [0x77C0CFFB+107]
	RtlGetAppContainerNamedObjectPath [0x77C0CF81+561]

2025-05-13 17:15:28,675 - MatchesParser - WARNING - Failed to add cookie: Message: invalid cookie domain
  (Session info: chrome=136.0.7103.93)
Stacktrace:
	GetHandleVerifier [0x010AFC53+61635]
	GetHandleVerifier [0x010AFC94+61700]
	(No symbol) [0x00ED044E]
	(No symbol) [0x00F6F100]
	(No symbol) [0x00F3D29C]
	(No symbol) [0x00F5E61B]
	(No symbol) [0x00F3D096]
	(No symbol) [0x00F0C840]
	(No symbol) [0x00F0D6A4]
	GetHandleVerifier [0x01334573+2701795]
	GetHandleVerifier [0x0132FCF6+2683238]
	GetHandleVerifier [0x0134AA3E+2793134]
	GetHandleVerifier [0x010C6915+155013]
	GetHandleVerifier [0x010CCFFD+181357]
	GetHandleVerifier [0x010B74A8+92440]
	GetHandleVerifier [0x010B7650+92864]
	GetHandleVerifier [0x010A2040+5296]
	BaseThreadInitThunk [0x767C5D49+25]
	RtlInitializeExceptionChain [0x77C0CFFB+107]
	RtlGetAppContainerNamedObjectPath [0x77C0CF81+561]

2025-05-13 17:15:28,679 - MatchesParser - WARNING - Failed to add cookie: Message: invalid cookie domain
  (Session info: chrome=136.0.7103.93)
Stacktrace:
	GetHandleVerifier [0x010AFC53+61635]
	GetHandleVerifier [0x010AFC94+61700]
	(No symbol) [0x00ED044E]
	(No symbol) [0x00F6F100]
	(No symbol) [0x00F3D29C]
	(No symbol) [0x00F5E61B]
	(No symbol) [0x00F3D096]
	(No symbol) [0x00F0C840]
	(No symbol) [0x00F0D6A4]
	GetHandleVerifier [0x01334573+2701795]
	GetHandleVerifier [0x0132FCF6+2683238]
	GetHandleVerifier [0x0134AA3E+2793134]
	GetHandleVerifier [0x010C6915+155013]
	GetHandleVerifier [0x010CCFFD+181357]
	GetHandleVerifier [0x010B74A8+92440]
	GetHandleVerifier [0x010B7650+92864]
	GetHandleVerifier [0x010A2040+5296]
	BaseThreadInitThunk [0x767C5D49+25]
	RtlInitializeExceptionChain [0x77C0CFFB+107]
	RtlGetAppContainerNamedObjectPath [0x77C0CF81+561]

2025-05-13 17:15:28,683 - MatchesParser - WARNING - Failed to add cookie: Message: invalid cookie domain
  (Session info: chrome=136.0.7103.93)
Stacktrace:
	GetHandleVerifier [0x010AFC53+61635]
	GetHandleVerifier [0x010AFC94+61700]
	(No symbol) [0x00ED044E]
	(No symbol) [0x00F6F100]
	(No symbol) [0x00F3D29C]
	(No symbol) [0x00F5E61B]
	(No symbol) [0x00F3D096]
	(No symbol) [0x00F0C840]
	(No symbol) [0x00F0D6A4]
	GetHandleVerifier [0x01334573+2701795]
	GetHandleVerifier [0x0132FCF6+2683238]
	GetHandleVerifier [0x0134AA3E+2793134]
	GetHandleVerifier [0x010C6915+155013]
	GetHandleVerifier [0x010CCFFD+181357]
	GetHandleVerifier [0x010B74A8+92440]
	GetHandleVerifier [0x010B7650+92864]
	GetHandleVerifier [0x010A2040+5296]
	BaseThreadInitThunk [0x767C5D49+25]
	RtlInitializeExceptionChain [0x77C0CFFB+107]
	RtlGetAppContainerNamedObjectPath [0x77C0CF81+561]

2025-05-13 17:15:28,683 - MatchesParser - INFO - Cookies loaded successfully
2025-05-13 17:15:31,834 - MatchesParser - INFO - Page loaded, waiting for sort button...
2025-05-13 17:15:31,921 - MatchesParser - INFO - Sort button found
2025-05-13 17:15:31,921 - MatchesParser - INFO - Scrolling to sort button...
2025-05-13 17:15:33,462 - MatchesParser - INFO - Scrolled to sort button
2025-05-13 17:15:33,462 - MatchesParser - INFO - Attempting to click sort button...
2025-05-13 17:15:34,536 - MatchesParser - INFO - Click intercepted, trying JavaScript click...
2025-05-13 17:15:34,750 - MatchesParser - INFO - JavaScript click executed
2025-05-13 17:15:37,735 - MatchesParser - WARNING - Cloudflare protection detected after click
2025-05-13 17:15:37,904 - MatchesParser - INFO - Cookies saved successfully
2025-05-13 17:15:44,115 - __main__ - ERROR - Error in main process: Failed to get valid page content
2025-05-13 17:21:18,013 - __main__ - INFO - HLTV Project Started
2025-05-13 17:21:18,014 - src.database - INFO - Database initialized successfully
2025-05-13 17:21:18,014 - __main__ - INFO - Database initialized
2025-05-13 17:21:18,014 - __main__ - INFO - Starting matches page parsing...
2025-05-13 17:21:18,015 - WDM - INFO - ====== WebDriver manager ======
2025-05-13 17:21:18,760 - WDM - INFO - Get LATEST chromedriver version for google-chrome
2025-05-13 17:21:18,848 - WDM - INFO - Get LATEST chromedriver version for google-chrome
2025-05-13 17:21:18,935 - WDM - INFO - Driver [C:\Users\99865\.wdm\drivers\chromedriver\win64\136.0.7103.92\chromedriver-win32/chromedriver.exe] found in cache
2025-05-13 17:21:20,147 - MatchesParser - INFO - Chrome driver initialized successfully
2025-05-13 17:21:20,147 - MatchesParser - INFO - Starting matches page parsing
2025-05-13 17:21:20,153 - MatchesParser - WARNING - Failed to add cookie: Message: invalid cookie domain
  (Session info: chrome=136.0.7103.93)
Stacktrace:
	GetHandleVerifier [0x010AFC53+61635]
	GetHandleVerifier [0x010AFC94+61700]
	(No symbol) [0x00ED044E]
	(No symbol) [0x00F6F100]
	(No symbol) [0x00F3D29C]
	(No symbol) [0x00F5E61B]
	(No symbol) [0x00F3D096]
	(No symbol) [0x00F0C840]
	(No symbol) [0x00F0D6A4]
	GetHandleVerifier [0x01334573+2701795]
	GetHandleVerifier [0x0132FCF6+2683238]
	GetHandleVerifier [0x0134AA3E+2793134]
	GetHandleVerifier [0x010C6915+155013]
	GetHandleVerifier [0x010CCFFD+181357]
	GetHandleVerifier [0x010B74A8+92440]
	GetHandleVerifier [0x010B7650+92864]
	GetHandleVerifier [0x010A2040+5296]
	BaseThreadInitThunk [0x767C5D49+25]
	RtlInitializeExceptionChain [0x77C0CFFB+107]
	RtlGetAppContainerNamedObjectPath [0x77C0CF81+561]

2025-05-13 17:21:20,157 - MatchesParser - WARNING - Failed to add cookie: Message: invalid cookie domain
  (Session info: chrome=136.0.7103.93)
Stacktrace:
	GetHandleVerifier [0x010AFC53+61635]
	GetHandleVerifier [0x010AFC94+61700]
	(No symbol) [0x00ED044E]
	(No symbol) [0x00F6F100]
	(No symbol) [0x00F3D29C]
	(No symbol) [0x00F5E61B]
	(No symbol) [0x00F3D096]
	(No symbol) [0x00F0C840]
	(No symbol) [0x00F0D6A4]
	GetHandleVerifier [0x01334573+2701795]
	GetHandleVerifier [0x0132FCF6+2683238]
	GetHandleVerifier [0x0134AA3E+2793134]
	GetHandleVerifier [0x010C6915+155013]
	GetHandleVerifier [0x010CCFFD+181357]
	GetHandleVerifier [0x010B74A8+92440]
	GetHandleVerifier [0x010B7650+92864]
	GetHandleVerifier [0x010A2040+5296]
	BaseThreadInitThunk [0x767C5D49+25]
	RtlInitializeExceptionChain [0x77C0CFFB+107]
	RtlGetAppContainerNamedObjectPath [0x77C0CF81+561]

2025-05-13 17:21:20,161 - MatchesParser - WARNING - Failed to add cookie: Message: invalid cookie domain
  (Session info: chrome=136.0.7103.93)
Stacktrace:
	GetHandleVerifier [0x010AFC53+61635]
	GetHandleVerifier [0x010AFC94+61700]
	(No symbol) [0x00ED044E]
	(No symbol) [0x00F6F100]
	(No symbol) [0x00F3D29C]
	(No symbol) [0x00F5E61B]
	(No symbol) [0x00F3D096]
	(No symbol) [0x00F0C840]
	(No symbol) [0x00F0D6A4]
	GetHandleVerifier [0x01334573+2701795]
	GetHandleVerifier [0x0132FCF6+2683238]
	GetHandleVerifier [0x0134AA3E+2793134]
	GetHandleVerifier [0x010C6915+155013]
	GetHandleVerifier [0x010CCFFD+181357]
	GetHandleVerifier [0x010B74A8+92440]
	GetHandleVerifier [0x010B7650+92864]
	GetHandleVerifier [0x010A2040+5296]
	BaseThreadInitThunk [0x767C5D49+25]
	RtlInitializeExceptionChain [0x77C0CFFB+107]
	RtlGetAppContainerNamedObjectPath [0x77C0CF81+561]

2025-05-13 17:21:20,165 - MatchesParser - WARNING - Failed to add cookie: Message: invalid cookie domain
  (Session info: chrome=136.0.7103.93)
Stacktrace:
	GetHandleVerifier [0x010AFC53+61635]
	GetHandleVerifier [0x010AFC94+61700]
	(No symbol) [0x00ED044E]
	(No symbol) [0x00F6F100]
	(No symbol) [0x00F3D29C]
	(No symbol) [0x00F5E61B]
	(No symbol) [0x00F3D096]
	(No symbol) [0x00F0C840]
	(No symbol) [0x00F0D6A4]
	GetHandleVerifier [0x01334573+2701795]
	GetHandleVerifier [0x0132FCF6+2683238]
	GetHandleVerifier [0x0134AA3E+2793134]
	GetHandleVerifier [0x010C6915+155013]
	GetHandleVerifier [0x010CCFFD+181357]
	GetHandleVerifier [0x010B74A8+92440]
	GetHandleVerifier [0x010B7650+92864]
	GetHandleVerifier [0x010A2040+5296]
	BaseThreadInitThunk [0x767C5D49+25]
	RtlInitializeExceptionChain [0x77C0CFFB+107]
	RtlGetAppContainerNamedObjectPath [0x77C0CF81+561]

2025-05-13 17:21:20,166 - MatchesParser - INFO - Cookies loaded successfully
2025-05-13 17:21:23,049 - MatchesParser - INFO - Page loaded, waiting for sort button...
2025-05-13 17:21:23,110 - MatchesParser - INFO - Cookie dialog found, accepting cookies...
2025-05-13 17:21:23,346 - MatchesParser - INFO - Cookies accepted
2025-05-13 17:21:24,819 - MatchesParser - INFO - Sort button found
2025-05-13 17:21:24,819 - MatchesParser - INFO - Scrolling to sort button...
2025-05-13 17:21:26,452 - MatchesParser - INFO - Scrolled to sort button
2025-05-13 17:21:26,453 - MatchesParser - INFO - Attempting to click sort button...
2025-05-13 17:21:27,521 - MatchesParser - INFO - Click intercepted, trying JavaScript click...
2025-05-13 17:21:27,817 - MatchesParser - INFO - JavaScript click executed
2025-05-13 17:21:30,293 - MatchesParser - WARNING - Cloudflare protection detected after click
2025-05-13 17:21:30,494 - MatchesParser - INFO - Cookies saved successfully
2025-05-13 17:21:36,743 - __main__ - ERROR - Error in main process: Failed to get valid page content
2025-05-13 17:24:05,892 - src.main - INFO - HLTV Project Started
2025-05-13 17:24:05,893 - src.database - INFO - Database initialized successfully
2025-05-13 17:24:05,893 - src.main - INFO - Database initialized
2025-05-13 17:24:05,893 - src.main - INFO - Starting matches page parsing...
2025-05-13 17:24:05,894 - WDM - INFO - ====== WebDriver manager ======
2025-05-13 17:24:06,693 - WDM - INFO - Get LATEST chromedriver version for google-chrome
2025-05-13 17:24:06,775 - WDM - INFO - Get LATEST chromedriver version for google-chrome
2025-05-13 17:24:06,864 - WDM - INFO - Driver [C:\Users\99865\.wdm\drivers\chromedriver\win64\136.0.7103.92\chromedriver-win32/chromedriver.exe] found in cache
2025-05-13 17:24:08,051 - MatchesParser - INFO - Chrome driver initialized successfully
2025-05-13 17:24:08,051 - MatchesParser - INFO - Starting matches page parsing
2025-05-13 17:24:08,064 - MatchesParser - WARNING - Failed to add cookie: Message: invalid cookie domain
  (Session info: chrome=136.0.7103.93)
Stacktrace:
	GetHandleVerifier [0x010AFC53+61635]
	GetHandleVerifier [0x010AFC94+61700]
	(No symbol) [0x00ED044E]
	(No symbol) [0x00F6F100]
	(No symbol) [0x00F3D29C]
	(No symbol) [0x00F5E61B]
	(No symbol) [0x00F3D096]
	(No symbol) [0x00F0C840]
	(No symbol) [0x00F0D6A4]
	GetHandleVerifier [0x01334573+2701795]
	GetHandleVerifier [0x0132FCF6+2683238]
	GetHandleVerifier [0x0134AA3E+2793134]
	GetHandleVerifier [0x010C6915+155013]
	GetHandleVerifier [0x010CCFFD+181357]
	GetHandleVerifier [0x010B74A8+92440]
	GetHandleVerifier [0x010B7650+92864]
	GetHandleVerifier [0x010A2040+5296]
	BaseThreadInitThunk [0x767C5D49+25]
	RtlInitializeExceptionChain [0x77C0CFFB+107]
	RtlGetAppContainerNamedObjectPath [0x77C0CF81+561]

2025-05-13 17:24:08,068 - MatchesParser - WARNING - Failed to add cookie: Message: invalid cookie domain
  (Session info: chrome=136.0.7103.93)
Stacktrace:
	GetHandleVerifier [0x010AFC53+61635]
	GetHandleVerifier [0x010AFC94+61700]
	(No symbol) [0x00ED044E]
	(No symbol) [0x00F6F100]
	(No symbol) [0x00F3D29C]
	(No symbol) [0x00F5E61B]
	(No symbol) [0x00F3D096]
	(No symbol) [0x00F0C840]
	(No symbol) [0x00F0D6A4]
	GetHandleVerifier [0x01334573+2701795]
	GetHandleVerifier [0x0132FCF6+2683238]
	GetHandleVerifier [0x0134AA3E+2793134]
	GetHandleVerifier [0x010C6915+155013]
	GetHandleVerifier [0x010CCFFD+181357]
	GetHandleVerifier [0x010B74A8+92440]
	GetHandleVerifier [0x010B7650+92864]
	GetHandleVerifier [0x010A2040+5296]
	BaseThreadInitThunk [0x767C5D49+25]
	RtlInitializeExceptionChain [0x77C0CFFB+107]
	RtlGetAppContainerNamedObjectPath [0x77C0CF81+561]

2025-05-13 17:24:08,071 - MatchesParser - WARNING - Failed to add cookie: Message: invalid cookie domain
  (Session info: chrome=136.0.7103.93)
Stacktrace:
	GetHandleVerifier [0x010AFC53+61635]
	GetHandleVerifier [0x010AFC94+61700]
	(No symbol) [0x00ED044E]
	(No symbol) [0x00F6F100]
	(No symbol) [0x00F3D29C]
	(No symbol) [0x00F5E61B]
	(No symbol) [0x00F3D096]
	(No symbol) [0x00F0C840]
	(No symbol) [0x00F0D6A4]
	GetHandleVerifier [0x01334573+2701795]
	GetHandleVerifier [0x0132FCF6+2683238]
	GetHandleVerifier [0x0134AA3E+2793134]
	GetHandleVerifier [0x010C6915+155013]
	GetHandleVerifier [0x010CCFFD+181357]
	GetHandleVerifier [0x010B74A8+92440]
	GetHandleVerifier [0x010B7650+92864]
	GetHandleVerifier [0x010A2040+5296]
	BaseThreadInitThunk [0x767C5D49+25]
	RtlInitializeExceptionChain [0x77C0CFFB+107]
	RtlGetAppContainerNamedObjectPath [0x77C0CF81+561]

2025-05-13 17:24:08,074 - MatchesParser - WARNING - Failed to add cookie: Message: invalid cookie domain
  (Session info: chrome=136.0.7103.93)
Stacktrace:
	GetHandleVerifier [0x010AFC53+61635]
	GetHandleVerifier [0x010AFC94+61700]
	(No symbol) [0x00ED044E]
	(No symbol) [0x00F6F100]
	(No symbol) [0x00F3D29C]
	(No symbol) [0x00F5E61B]
	(No symbol) [0x00F3D096]
	(No symbol) [0x00F0C840]
	(No symbol) [0x00F0D6A4]
	GetHandleVerifier [0x01334573+2701795]
	GetHandleVerifier [0x0132FCF6+2683238]
	GetHandleVerifier [0x0134AA3E+2793134]
	GetHandleVerifier [0x010C6915+155013]
	GetHandleVerifier [0x010CCFFD+181357]
	GetHandleVerifier [0x010B74A8+92440]
	GetHandleVerifier [0x010B7650+92864]
	GetHandleVerifier [0x010A2040+5296]
	BaseThreadInitThunk [0x767C5D49+25]
	RtlInitializeExceptionChain [0x77C0CFFB+107]
	RtlGetAppContainerNamedObjectPath [0x77C0CF81+561]

2025-05-13 17:24:08,078 - MatchesParser - WARNING - Failed to add cookie: Message: invalid cookie domain
  (Session info: chrome=136.0.7103.93)
Stacktrace:
	GetHandleVerifier [0x010AFC53+61635]
	GetHandleVerifier [0x010AFC94+61700]
	(No symbol) [0x00ED044E]
	(No symbol) [0x00F6F100]
	(No symbol) [0x00F3D29C]
	(No symbol) [0x00F5E61B]
	(No symbol) [0x00F3D096]
	(No symbol) [0x00F0C840]
	(No symbol) [0x00F0D6A4]
	GetHandleVerifier [0x01334573+2701795]
	GetHandleVerifier [0x0132FCF6+2683238]
	GetHandleVerifier [0x0134AA3E+2793134]
	GetHandleVerifier [0x010C6915+155013]
	GetHandleVerifier [0x010CCFFD+181357]
	GetHandleVerifier [0x010B74A8+92440]
	GetHandleVerifier [0x010B7650+92864]
	GetHandleVerifier [0x010A2040+5296]
	BaseThreadInitThunk [0x767C5D49+25]
	RtlInitializeExceptionChain [0x77C0CFFB+107]
	RtlGetAppContainerNamedObjectPath [0x77C0CF81+561]

2025-05-13 17:24:08,078 - MatchesParser - INFO - Cookies loaded successfully
2025-05-13 17:24:13,210 - MatchesParser - INFO - Page loaded, waiting for sort button...
2025-05-13 17:24:13,218 - MatchesParser - INFO - Cookie dialog found, accepting cookies...
2025-05-13 17:24:13,468 - MatchesParser - INFO - Cookies accepted
2025-05-13 17:24:13,483 - MatchesParser - INFO - Sort button found
2025-05-13 17:24:15,609 - MatchesParser - INFO - Sort button clicked
2025-05-13 17:24:17,193 - MatchesParser - WARNING - Cloudflare protection detected
2025-05-13 17:24:17,198 - MatchesParser - INFO - Cookies saved successfully
2025-05-13 17:24:23,344 - src.main - ERROR - Error in main process: Failed to get valid page content
2025-05-13 17:24:42,499 - src.main - INFO - HLTV Project Started
2025-05-13 17:24:42,500 - src.database - INFO - Database initialized successfully
2025-05-13 17:24:42,500 - src.main - INFO - Database initialized
2025-05-13 17:24:42,500 - src.main - INFO - Starting matches page parsing...
2025-05-13 17:24:42,501 - WDM - INFO - ====== WebDriver manager ======
2025-05-13 17:24:43,221 - WDM - INFO - Get LATEST chromedriver version for google-chrome
2025-05-13 17:24:43,305 - WDM - INFO - Get LATEST chromedriver version for google-chrome
2025-05-13 17:24:43,433 - WDM - INFO - Driver [C:\Users\99865\.wdm\drivers\chromedriver\win64\136.0.7103.92\chromedriver-win32/chromedriver.exe] found in cache
2025-05-13 17:24:44,630 - MatchesParser - INFO - Chrome driver initialized successfully
2025-05-13 17:24:44,630 - MatchesParser - INFO - Starting matches page parsing
2025-05-13 17:24:44,643 - MatchesParser - WARNING - Failed to add cookie: Message: invalid cookie domain
  (Session info: chrome=136.0.7103.93)
Stacktrace:
	GetHandleVerifier [0x010AFC53+61635]
	GetHandleVerifier [0x010AFC94+61700]
	(No symbol) [0x00ED044E]
	(No symbol) [0x00F6F100]
	(No symbol) [0x00F3D29C]
	(No symbol) [0x00F5E61B]
	(No symbol) [0x00F3D096]
	(No symbol) [0x00F0C840]
	(No symbol) [0x00F0D6A4]
	GetHandleVerifier [0x01334573+2701795]
	GetHandleVerifier [0x0132FCF6+2683238]
	GetHandleVerifier [0x0134AA3E+2793134]
	GetHandleVerifier [0x010C6915+155013]
	GetHandleVerifier [0x010CCFFD+181357]
	GetHandleVerifier [0x010B74A8+92440]
	GetHandleVerifier [0x010B7650+92864]
	GetHandleVerifier [0x010A2040+5296]
	BaseThreadInitThunk [0x767C5D49+25]
	RtlInitializeExceptionChain [0x77C0CFFB+107]
	RtlGetAppContainerNamedObjectPath [0x77C0CF81+561]

2025-05-13 17:24:44,647 - MatchesParser - WARNING - Failed to add cookie: Message: invalid cookie domain
  (Session info: chrome=136.0.7103.93)
Stacktrace:
	GetHandleVerifier [0x010AFC53+61635]
	GetHandleVerifier [0x010AFC94+61700]
	(No symbol) [0x00ED044E]
	(No symbol) [0x00F6F100]
	(No symbol) [0x00F3D29C]
	(No symbol) [0x00F5E61B]
	(No symbol) [0x00F3D096]
	(No symbol) [0x00F0C840]
	(No symbol) [0x00F0D6A4]
	GetHandleVerifier [0x01334573+2701795]
	GetHandleVerifier [0x0132FCF6+2683238]
	GetHandleVerifier [0x0134AA3E+2793134]
	GetHandleVerifier [0x010C6915+155013]
	GetHandleVerifier [0x010CCFFD+181357]
	GetHandleVerifier [0x010B74A8+92440]
	GetHandleVerifier [0x010B7650+92864]
	GetHandleVerifier [0x010A2040+5296]
	BaseThreadInitThunk [0x767C5D49+25]
	RtlInitializeExceptionChain [0x77C0CFFB+107]
	RtlGetAppContainerNamedObjectPath [0x77C0CF81+561]

2025-05-13 17:24:44,652 - MatchesParser - WARNING - Failed to add cookie: Message: invalid cookie domain
  (Session info: chrome=136.0.7103.93)
Stacktrace:
	GetHandleVerifier [0x010AFC53+61635]
	GetHandleVerifier [0x010AFC94+61700]
	(No symbol) [0x00ED044E]
	(No symbol) [0x00F6F100]
	(No symbol) [0x00F3D29C]
	(No symbol) [0x00F5E61B]
	(No symbol) [0x00F3D096]
	(No symbol) [0x00F0C840]
	(No symbol) [0x00F0D6A4]
	GetHandleVerifier [0x01334573+2701795]
	GetHandleVerifier [0x0132FCF6+2683238]
	GetHandleVerifier [0x0134AA3E+2793134]
	GetHandleVerifier [0x010C6915+155013]
	GetHandleVerifier [0x010CCFFD+181357]
	GetHandleVerifier [0x010B74A8+92440]
	GetHandleVerifier [0x010B7650+92864]
	GetHandleVerifier [0x010A2040+5296]
	BaseThreadInitThunk [0x767C5D49+25]
	RtlInitializeExceptionChain [0x77C0CFFB+107]
	RtlGetAppContainerNamedObjectPath [0x77C0CF81+561]

2025-05-13 17:24:44,656 - MatchesParser - WARNING - Failed to add cookie: Message: invalid cookie domain
  (Session info: chrome=136.0.7103.93)
Stacktrace:
	GetHandleVerifier [0x010AFC53+61635]
	GetHandleVerifier [0x010AFC94+61700]
	(No symbol) [0x00ED044E]
	(No symbol) [0x00F6F100]
	(No symbol) [0x00F3D29C]
	(No symbol) [0x00F5E61B]
	(No symbol) [0x00F3D096]
	(No symbol) [0x00F0C840]
	(No symbol) [0x00F0D6A4]
	GetHandleVerifier [0x01334573+2701795]
	GetHandleVerifier [0x0132FCF6+2683238]
	GetHandleVerifier [0x0134AA3E+2793134]
	GetHandleVerifier [0x010C6915+155013]
	GetHandleVerifier [0x010CCFFD+181357]
	GetHandleVerifier [0x010B74A8+92440]
	GetHandleVerifier [0x010B7650+92864]
	GetHandleVerifier [0x010A2040+5296]
	BaseThreadInitThunk [0x767C5D49+25]
	RtlInitializeExceptionChain [0x77C0CFFB+107]
	RtlGetAppContainerNamedObjectPath [0x77C0CF81+561]

2025-05-13 17:24:44,660 - MatchesParser - WARNING - Failed to add cookie: Message: invalid cookie domain
  (Session info: chrome=136.0.7103.93)
Stacktrace:
	GetHandleVerifier [0x010AFC53+61635]
	GetHandleVerifier [0x010AFC94+61700]
	(No symbol) [0x00ED044E]
	(No symbol) [0x00F6F100]
	(No symbol) [0x00F3D29C]
	(No symbol) [0x00F5E61B]
	(No symbol) [0x00F3D096]
	(No symbol) [0x00F0C840]
	(No symbol) [0x00F0D6A4]
	GetHandleVerifier [0x01334573+2701795]
	GetHandleVerifier [0x0132FCF6+2683238]
	GetHandleVerifier [0x0134AA3E+2793134]
	GetHandleVerifier [0x010C6915+155013]
	GetHandleVerifier [0x010CCFFD+181357]
	GetHandleVerifier [0x010B74A8+92440]
	GetHandleVerifier [0x010B7650+92864]
	GetHandleVerifier [0x010A2040+5296]
	BaseThreadInitThunk [0x767C5D49+25]
	RtlInitializeExceptionChain [0x77C0CFFB+107]
	RtlGetAppContainerNamedObjectPath [0x77C0CF81+561]

2025-05-13 17:24:44,660 - MatchesParser - INFO - Cookies loaded successfully
2025-05-13 17:24:48,201 - MatchesParser - INFO - Page loaded, waiting for sort button...
2025-05-13 17:24:48,209 - MatchesParser - INFO - Cookie dialog found, accepting cookies...
2025-05-13 17:24:48,490 - MatchesParser - INFO - Cookies accepted
2025-05-13 17:24:48,500 - MatchesParser - INFO - Sort button found
2025-05-13 17:24:50,735 - MatchesParser - INFO - Sort button clicked
2025-05-13 17:24:53,080 - MatchesParser - INFO - Got valid HTML content
2025-05-13 17:24:53,082 - MatchesParser - WARNING - Cloudflare protection detected
2025-05-13 17:24:53,083 - MatchesParser - WARNING - Attempt 1 failed: Invalid page content
2025-05-13 17:24:56,071 - MatchesParser - INFO - Page loaded, waiting for sort button...
2025-05-13 17:25:06,640 - MatchesParser - INFO - No cookie dialog found or already accepted
2025-05-13 17:25:17,149 - MatchesParser - ERROR - Error during parsing: Message: 
Stacktrace:
	GetHandleVerifier [0x010AFC53+61635]
	GetHandleVerifier [0x010AFC94+61700]
	(No symbol) [0x00ED05D3]
	(No symbol) [0x00F1899E]
	(No symbol) [0x00F18D3B]
	(No symbol) [0x00F60E12]
	(No symbol) [0x00F3D2E4]
	(No symbol) [0x00F5E61B]
	(No symbol) [0x00F3D096]
	(No symbol) [0x00F0C840]
	(No symbol) [0x00F0D6A4]
	GetHandleVerifier [0x01334573+2701795]
	GetHandleVerifier [0x0132FCF6+2683238]
	GetHandleVerifier [0x0134AA3E+2793134]
	GetHandleVerifier [0x010C6915+155013]
	GetHandleVerifier [0x010CCFFD+181357]
	GetHandleVerifier [0x010B74A8+92440]
	GetHandleVerifier [0x010B7650+92864]
	GetHandleVerifier [0x010A2040+5296]
	BaseThreadInitThunk [0x767C5D49+25]
	RtlInitializeExceptionChain [0x77C0CFFB+107]
	RtlGetAppContainerNamedObjectPath [0x77C0CF81+561]

2025-05-13 17:25:17,161 - MatchesParser - INFO - Cookies saved successfully
2025-05-13 17:25:23,350 - src.main - ERROR - Error in main process: Failed to get valid page content
2025-05-13 17:27:09,317 - src.main - INFO - HLTV Project Started
2025-05-13 17:27:09,317 - src.database - INFO - Database initialized successfully
2025-05-13 17:27:09,318 - src.main - INFO - Database initialized
2025-05-13 17:27:09,318 - src.main - INFO - Starting matches page parsing...
2025-05-13 17:27:09,318 - WDM - INFO - ====== WebDriver manager ======
2025-05-13 17:27:10,058 - WDM - INFO - Get LATEST chromedriver version for google-chrome
2025-05-13 17:27:10,187 - WDM - INFO - Get LATEST chromedriver version for google-chrome
2025-05-13 17:27:10,271 - WDM - INFO - Driver [C:\Users\99865\.wdm\drivers\chromedriver\win64\136.0.7103.92\chromedriver-win32/chromedriver.exe] found in cache
2025-05-13 17:27:11,425 - MatchesParser - INFO - Chrome driver initialized successfully
2025-05-13 17:27:11,425 - MatchesParser - INFO - Starting matches page parsing
2025-05-13 17:27:11,430 - MatchesParser - WARNING - Failed to add cookie: Message: invalid cookie domain
  (Session info: chrome=136.0.7103.93)
Stacktrace:
	GetHandleVerifier [0x010AFC53+61635]
	GetHandleVerifier [0x010AFC94+61700]
	(No symbol) [0x00ED044E]
	(No symbol) [0x00F6F100]
	(No symbol) [0x00F3D29C]
	(No symbol) [0x00F5E61B]
	(No symbol) [0x00F3D096]
	(No symbol) [0x00F0C840]
	(No symbol) [0x00F0D6A4]
	GetHandleVerifier [0x01334573+2701795]
	GetHandleVerifier [0x0132FCF6+2683238]
	GetHandleVerifier [0x0134AA3E+2793134]
	GetHandleVerifier [0x010C6915+155013]
	GetHandleVerifier [0x010CCFFD+181357]
	GetHandleVerifier [0x010B74A8+92440]
	GetHandleVerifier [0x010B7650+92864]
	GetHandleVerifier [0x010A2040+5296]
	BaseThreadInitThunk [0x767C5D49+25]
	RtlInitializeExceptionChain [0x77C0CFFB+107]
	RtlGetAppContainerNamedObjectPath [0x77C0CF81+561]

2025-05-13 17:27:11,433 - MatchesParser - WARNING - Failed to add cookie: Message: invalid cookie domain
  (Session info: chrome=136.0.7103.93)
Stacktrace:
	GetHandleVerifier [0x010AFC53+61635]
	GetHandleVerifier [0x010AFC94+61700]
	(No symbol) [0x00ED044E]
	(No symbol) [0x00F6F100]
	(No symbol) [0x00F3D29C]
	(No symbol) [0x00F5E61B]
	(No symbol) [0x00F3D096]
	(No symbol) [0x00F0C840]
	(No symbol) [0x00F0D6A4]
	GetHandleVerifier [0x01334573+2701795]
	GetHandleVerifier [0x0132FCF6+2683238]
	GetHandleVerifier [0x0134AA3E+2793134]
	GetHandleVerifier [0x010C6915+155013]
	GetHandleVerifier [0x010CCFFD+181357]
	GetHandleVerifier [0x010B74A8+92440]
	GetHandleVerifier [0x010B7650+92864]
	GetHandleVerifier [0x010A2040+5296]
	BaseThreadInitThunk [0x767C5D49+25]
	RtlInitializeExceptionChain [0x77C0CFFB+107]
	RtlGetAppContainerNamedObjectPath [0x77C0CF81+561]

2025-05-13 17:27:11,434 - MatchesParser - INFO - Cookies loaded successfully
2025-05-13 17:27:14,153 - MatchesParser - INFO - Page loaded, waiting for sort button...
2025-05-13 17:27:14,166 - MatchesParser - INFO - Cookie dialog found, accepting cookies...
2025-05-13 17:27:14,330 - MatchesParser - INFO - Cookies accepted
2025-05-13 17:27:14,337 - MatchesParser - INFO - Sort button found
2025-05-13 17:27:16,611 - MatchesParser - INFO - Sort button clicked
2025-05-13 17:27:19,494 - MatchesParser - INFO - HTML length: 6384141
2025-05-13 17:27:19,494 - MatchesParser - INFO - HTML preview: <html lang="en" data-client-country-iso="RU" data-impression-tracking-endpoint="https://ncuxt.hltv.org" data-bc-content-allowed="false" class="no-offtopic matches-time"><!--         --Worker debug info--          Ads API URL from origin: https://www.hltv.org/api/ads/rendered/[%7B%22key%22:%7B%22id%22:%22page%22%7D,%22value%22:%7B%22id%22:%22Unspecified%22%7D%7D]         Modified Ads API URL: https://www.hltv.org/api/ads/rendered/%5B%7B%22key%22%3A%7B%22id%22%3A%22page%22%7D%2C%22value%22%3A%7B%2
2025-05-13 17:27:19,499 - MatchesParser - INFO - Cookies saved successfully
2025-05-13 17:27:19,512 - MatchesParser - INFO - Matches page saved to: storage/html/matches.html
2025-05-13 17:27:19,513 - src.main - INFO - Matches page saved to: storage/html/matches.html
2025-05-13 17:27:25,700 - src.main - INFO - HLTV Project Started
2025-05-13 17:27:25,701 - src.database - INFO - Database initialized successfully
2025-05-13 17:27:25,701 - src.main - INFO - Database initialized
2025-05-13 17:27:25,701 - src.main - INFO - Starting matches page parsing...
2025-05-13 17:27:25,702 - WDM - INFO - ====== WebDriver manager ======
2025-05-13 17:27:26,492 - WDM - INFO - Get LATEST chromedriver version for google-chrome
2025-05-13 17:27:26,634 - WDM - INFO - Get LATEST chromedriver version for google-chrome
2025-05-13 17:27:26,753 - WDM - INFO - Driver [C:\Users\99865\.wdm\drivers\chromedriver\win64\136.0.7103.92\chromedriver-win32/chromedriver.exe] found in cache
2025-05-13 17:27:27,907 - MatchesParser - INFO - Chrome driver initialized successfully
2025-05-13 17:27:27,908 - MatchesParser - INFO - Starting matches page parsing
2025-05-13 17:27:27,921 - MatchesParser - WARNING - Failed to add cookie: Message: invalid cookie domain
  (Session info: chrome=136.0.7103.93)
Stacktrace:
	GetHandleVerifier [0x010AFC53+61635]
	GetHandleVerifier [0x010AFC94+61700]
	(No symbol) [0x00ED044E]
	(No symbol) [0x00F6F100]
	(No symbol) [0x00F3D29C]
	(No symbol) [0x00F5E61B]
	(No symbol) [0x00F3D096]
	(No symbol) [0x00F0C840]
	(No symbol) [0x00F0D6A4]
	GetHandleVerifier [0x01334573+2701795]
	GetHandleVerifier [0x0132FCF6+2683238]
	GetHandleVerifier [0x0134AA3E+2793134]
	GetHandleVerifier [0x010C6915+155013]
	GetHandleVerifier [0x010CCFFD+181357]
	GetHandleVerifier [0x010B74A8+92440]
	GetHandleVerifier [0x010B7650+92864]
	GetHandleVerifier [0x010A2040+5296]
	BaseThreadInitThunk [0x767C5D49+25]
	RtlInitializeExceptionChain [0x77C0CFFB+107]
	RtlGetAppContainerNamedObjectPath [0x77C0CF81+561]

2025-05-13 17:27:27,925 - MatchesParser - WARNING - Failed to add cookie: Message: invalid cookie domain
  (Session info: chrome=136.0.7103.93)
Stacktrace:
	GetHandleVerifier [0x010AFC53+61635]
	GetHandleVerifier [0x010AFC94+61700]
	(No symbol) [0x00ED044E]
	(No symbol) [0x00F6F100]
	(No symbol) [0x00F3D29C]
	(No symbol) [0x00F5E61B]
	(No symbol) [0x00F3D096]
	(No symbol) [0x00F0C840]
	(No symbol) [0x00F0D6A4]
	GetHandleVerifier [0x01334573+2701795]
	GetHandleVerifier [0x0132FCF6+2683238]
	GetHandleVerifier [0x0134AA3E+2793134]
	GetHandleVerifier [0x010C6915+155013]
	GetHandleVerifier [0x010CCFFD+181357]
	GetHandleVerifier [0x010B74A8+92440]
	GetHandleVerifier [0x010B7650+92864]
	GetHandleVerifier [0x010A2040+5296]
	BaseThreadInitThunk [0x767C5D49+25]
	RtlInitializeExceptionChain [0x77C0CFFB+107]
	RtlGetAppContainerNamedObjectPath [0x77C0CF81+561]

2025-05-13 17:27:27,928 - MatchesParser - WARNING - Failed to add cookie: Message: invalid cookie domain
  (Session info: chrome=136.0.7103.93)
Stacktrace:
	GetHandleVerifier [0x010AFC53+61635]
	GetHandleVerifier [0x010AFC94+61700]
	(No symbol) [0x00ED044E]
	(No symbol) [0x00F6F100]
	(No symbol) [0x00F3D29C]
	(No symbol) [0x00F5E61B]
	(No symbol) [0x00F3D096]
	(No symbol) [0x00F0C840]
	(No symbol) [0x00F0D6A4]
	GetHandleVerifier [0x01334573+2701795]
	GetHandleVerifier [0x0132FCF6+2683238]
	GetHandleVerifier [0x0134AA3E+2793134]
	GetHandleVerifier [0x010C6915+155013]
	GetHandleVerifier [0x010CCFFD+181357]
	GetHandleVerifier [0x010B74A8+92440]
	GetHandleVerifier [0x010B7650+92864]
	GetHandleVerifier [0x010A2040+5296]
	BaseThreadInitThunk [0x767C5D49+25]
	RtlInitializeExceptionChain [0x77C0CFFB+107]
	RtlGetAppContainerNamedObjectPath [0x77C0CF81+561]

2025-05-13 17:27:27,933 - MatchesParser - WARNING - Failed to add cookie: Message: invalid cookie domain
  (Session info: chrome=136.0.7103.93)
Stacktrace:
	GetHandleVerifier [0x010AFC53+61635]
	GetHandleVerifier [0x010AFC94+61700]
	(No symbol) [0x00ED044E]
	(No symbol) [0x00F6F100]
	(No symbol) [0x00F3D29C]
	(No symbol) [0x00F5E61B]
	(No symbol) [0x00F3D096]
	(No symbol) [0x00F0C840]
	(No symbol) [0x00F0D6A4]
	GetHandleVerifier [0x01334573+2701795]
	GetHandleVerifier [0x0132FCF6+2683238]
	GetHandleVerifier [0x0134AA3E+2793134]
	GetHandleVerifier [0x010C6915+155013]
	GetHandleVerifier [0x010CCFFD+181357]
	GetHandleVerifier [0x010B74A8+92440]
	GetHandleVerifier [0x010B7650+92864]
	GetHandleVerifier [0x010A2040+5296]
	BaseThreadInitThunk [0x767C5D49+25]
	RtlInitializeExceptionChain [0x77C0CFFB+107]
	RtlGetAppContainerNamedObjectPath [0x77C0CF81+561]

2025-05-13 17:27:27,937 - MatchesParser - WARNING - Failed to add cookie: Message: invalid cookie domain
  (Session info: chrome=136.0.7103.93)
Stacktrace:
	GetHandleVerifier [0x010AFC53+61635]
	GetHandleVerifier [0x010AFC94+61700]
	(No symbol) [0x00ED044E]
	(No symbol) [0x00F6F100]
	(No symbol) [0x00F3D29C]
	(No symbol) [0x00F5E61B]
	(No symbol) [0x00F3D096]
	(No symbol) [0x00F0C840]
	(No symbol) [0x00F0D6A4]
	GetHandleVerifier [0x01334573+2701795]
	GetHandleVerifier [0x0132FCF6+2683238]
	GetHandleVerifier [0x0134AA3E+2793134]
	GetHandleVerifier [0x010C6915+155013]
	GetHandleVerifier [0x010CCFFD+181357]
	GetHandleVerifier [0x010B74A8+92440]
	GetHandleVerifier [0x010B7650+92864]
	GetHandleVerifier [0x010A2040+5296]
	BaseThreadInitThunk [0x767C5D49+25]
	RtlInitializeExceptionChain [0x77C0CFFB+107]
	RtlGetAppContainerNamedObjectPath [0x77C0CF81+561]

2025-05-13 17:27:27,937 - MatchesParser - INFO - Cookies loaded successfully
2025-05-13 17:27:28,125 - MatchesParser - INFO - Page loaded, waiting for sort button...
2025-05-13 17:27:31,310 - MatchesParser - INFO - Cookie dialog found, accepting cookies...
2025-05-13 17:27:31,554 - MatchesParser - INFO - Cookies accepted
2025-05-13 17:27:31,563 - MatchesParser - INFO - Sort button found
2025-05-13 17:27:33,541 - MatchesParser - INFO - Sort button clicked
2025-05-13 17:27:36,647 - MatchesParser - INFO - HTML length: 6384618
2025-05-13 17:27:36,647 - MatchesParser - INFO - HTML preview: <html lang="en" data-client-country-iso="RU" data-impression-tracking-endpoint="https://ncuxt.hltv.org" data-bc-content-allowed="false" class="no-offtopic matches-time"><!--         --Worker debug info--          Ads API URL from origin: https://www.hltv.org/api/ads/rendered/[%7B%22key%22:%7B%22id%22:%22page%22%7D,%22value%22:%7B%22id%22:%22Unspecified%22%7D%7D]         Modified Ads API URL: https://www.hltv.org/api/ads/rendered/%5B%7B%22key%22%3A%7B%22id%22%3A%22page%22%7D%2C%22value%22%3A%7B%2
2025-05-13 17:27:36,707 - MatchesParser - INFO - Cookies saved successfully
2025-05-13 17:27:36,724 - MatchesParser - INFO - Matches page saved to: storage/html/matches.html
2025-05-13 17:27:36,725 - src.main - INFO - Matches page saved to: storage/html/matches.html
2025-05-13 17:30:50,359 - __main__ - INFO - HLTV Project Started
2025-05-13 17:30:50,359 - src.database - INFO - Database initialized successfully
2025-05-13 17:30:50,359 - __main__ - INFO - Database initialized
2025-05-13 17:30:50,360 - __main__ - INFO - Starting results page parsing...
2025-05-13 17:30:50,360 - WDM - INFO - ====== WebDriver manager ======
2025-05-13 17:30:51,141 - WDM - INFO - Get LATEST chromedriver version for google-chrome
2025-05-13 17:30:51,269 - WDM - INFO - Get LATEST chromedriver version for google-chrome
2025-05-13 17:30:51,357 - WDM - INFO - Driver [C:\Users\99865\.wdm\drivers\chromedriver\win64\136.0.7103.92\chromedriver-win32/chromedriver.exe] found in cache
2025-05-13 17:30:52,644 - ResultsParser - INFO - Chrome driver initialized successfully
2025-05-13 17:30:52,645 - ResultsParser - INFO - Starting results page parsing
2025-05-13 17:30:52,658 - ResultsParser - WARNING - Failed to add cookie: Message: invalid cookie domain
  (Session info: chrome=136.0.7103.93)
Stacktrace:
	GetHandleVerifier [0x010AFC53+61635]
	GetHandleVerifier [0x010AFC94+61700]
	(No symbol) [0x00ED044E]
	(No symbol) [0x00F6F100]
	(No symbol) [0x00F3D29C]
	(No symbol) [0x00F5E61B]
	(No symbol) [0x00F3D096]
	(No symbol) [0x00F0C840]
	(No symbol) [0x00F0D6A4]
	GetHandleVerifier [0x01334573+2701795]
	GetHandleVerifier [0x0132FCF6+2683238]
	GetHandleVerifier [0x0134AA3E+2793134]
	GetHandleVerifier [0x010C6915+155013]
	GetHandleVerifier [0x010CCFFD+181357]
	GetHandleVerifier [0x010B74A8+92440]
	GetHandleVerifier [0x010B7650+92864]
	GetHandleVerifier [0x010A2040+5296]
	BaseThreadInitThunk [0x767C5D49+25]
	RtlInitializeExceptionChain [0x77C0CFFB+107]
	RtlGetAppContainerNamedObjectPath [0x77C0CF81+561]

2025-05-13 17:30:52,662 - ResultsParser - WARNING - Failed to add cookie: Message: invalid cookie domain
  (Session info: chrome=136.0.7103.93)
Stacktrace:
	GetHandleVerifier [0x010AFC53+61635]
	GetHandleVerifier [0x010AFC94+61700]
	(No symbol) [0x00ED044E]
	(No symbol) [0x00F6F100]
	(No symbol) [0x00F3D29C]
	(No symbol) [0x00F5E61B]
	(No symbol) [0x00F3D096]
	(No symbol) [0x00F0C840]
	(No symbol) [0x00F0D6A4]
	GetHandleVerifier [0x01334573+2701795]
	GetHandleVerifier [0x0132FCF6+2683238]
	GetHandleVerifier [0x0134AA3E+2793134]
	GetHandleVerifier [0x010C6915+155013]
	GetHandleVerifier [0x010CCFFD+181357]
	GetHandleVerifier [0x010B74A8+92440]
	GetHandleVerifier [0x010B7650+92864]
	GetHandleVerifier [0x010A2040+5296]
	BaseThreadInitThunk [0x767C5D49+25]
	RtlInitializeExceptionChain [0x77C0CFFB+107]
	RtlGetAppContainerNamedObjectPath [0x77C0CF81+561]

2025-05-13 17:30:52,666 - ResultsParser - WARNING - Failed to add cookie: Message: invalid cookie domain
  (Session info: chrome=136.0.7103.93)
Stacktrace:
	GetHandleVerifier [0x010AFC53+61635]
	GetHandleVerifier [0x010AFC94+61700]
	(No symbol) [0x00ED044E]
	(No symbol) [0x00F6F100]
	(No symbol) [0x00F3D29C]
	(No symbol) [0x00F5E61B]
	(No symbol) [0x00F3D096]
	(No symbol) [0x00F0C840]
	(No symbol) [0x00F0D6A4]
	GetHandleVerifier [0x01334573+2701795]
	GetHandleVerifier [0x0132FCF6+2683238]
	GetHandleVerifier [0x0134AA3E+2793134]
	GetHandleVerifier [0x010C6915+155013]
	GetHandleVerifier [0x010CCFFD+181357]
	GetHandleVerifier [0x010B74A8+92440]
	GetHandleVerifier [0x010B7650+92864]
	GetHandleVerifier [0x010A2040+5296]
	BaseThreadInitThunk [0x767C5D49+25]
	RtlInitializeExceptionChain [0x77C0CFFB+107]
	RtlGetAppContainerNamedObjectPath [0x77C0CF81+561]

2025-05-13 17:30:52,671 - ResultsParser - WARNING - Failed to add cookie: Message: invalid cookie domain
  (Session info: chrome=136.0.7103.93)
Stacktrace:
	GetHandleVerifier [0x010AFC53+61635]
	GetHandleVerifier [0x010AFC94+61700]
	(No symbol) [0x00ED044E]
	(No symbol) [0x00F6F100]
	(No symbol) [0x00F3D29C]
	(No symbol) [0x00F5E61B]
	(No symbol) [0x00F3D096]
	(No symbol) [0x00F0C840]
	(No symbol) [0x00F0D6A4]
	GetHandleVerifier [0x01334573+2701795]
	GetHandleVerifier [0x0132FCF6+2683238]
	GetHandleVerifier [0x0134AA3E+2793134]
	GetHandleVerifier [0x010C6915+155013]
	GetHandleVerifier [0x010CCFFD+181357]
	GetHandleVerifier [0x010B74A8+92440]
	GetHandleVerifier [0x010B7650+92864]
	GetHandleVerifier [0x010A2040+5296]
	BaseThreadInitThunk [0x767C5D49+25]
	RtlInitializeExceptionChain [0x77C0CFFB+107]
	RtlGetAppContainerNamedObjectPath [0x77C0CF81+561]

2025-05-13 17:30:52,674 - ResultsParser - WARNING - Failed to add cookie: Message: invalid cookie domain
  (Session info: chrome=136.0.7103.93)
Stacktrace:
	GetHandleVerifier [0x010AFC53+61635]
	GetHandleVerifier [0x010AFC94+61700]
	(No symbol) [0x00ED044E]
	(No symbol) [0x00F6F100]
	(No symbol) [0x00F3D29C]
	(No symbol) [0x00F5E61B]
	(No symbol) [0x00F3D096]
	(No symbol) [0x00F0C840]
	(No symbol) [0x00F0D6A4]
	GetHandleVerifier [0x01334573+2701795]
	GetHandleVerifier [0x0132FCF6+2683238]
	GetHandleVerifier [0x0134AA3E+2793134]
	GetHandleVerifier [0x010C6915+155013]
	GetHandleVerifier [0x010CCFFD+181357]
	GetHandleVerifier [0x010B74A8+92440]
	GetHandleVerifier [0x010B7650+92864]
	GetHandleVerifier [0x010A2040+5296]
	BaseThreadInitThunk [0x767C5D49+25]
	RtlInitializeExceptionChain [0x77C0CFFB+107]
	RtlGetAppContainerNamedObjectPath [0x77C0CF81+561]

2025-05-13 17:30:52,675 - ResultsParser - INFO - Cookies loaded successfully
2025-05-13 17:31:01,434 - ResultsParser - INFO - HTML length: 5607726
2025-05-13 17:31:01,434 - ResultsParser - INFO - HTML preview: <html lang="en" data-client-country-iso="RU" data-impression-tracking-endpoint="https://ncuxt.hltv.org" data-bc-content-allowed="false" class="no-offtopic"><!--         --Worker debug info--          Ads API URL from origin: https://www.hltv.org/api/ads/rendered/[%7B%22key%22:%7B%22id%22:%22page%22%7D,%22value%22:%7B%22id%22:%22Unspecified%22%7D%7D]         Modified Ads API URL: https://www.hltv.org/api/ads/rendered/%5B%7B%22key%22%3A%7B%22id%22%3A%22page%22%7D%2C%22value%22%3A%7B%22id%22%3A%22U
2025-05-13 17:31:01,439 - ResultsParser - INFO - Cookies saved successfully
2025-05-13 17:31:01,452 - ResultsParser - INFO - Results page saved to: storage/html/results.html
2025-05-13 17:31:01,453 - __main__ - INFO - Results page saved to: storage/html/results.html
